SF:lib/favorites_test/models/favorites.dart
DA:6,6
DA:8,3
DA:9,6
DA:10,3
DA:13,3
DA:14,6
DA:15,3
LF:7
LH:7
end_of_record
SF:lib/dash_test/dash_logic.dart
DA:9,2
DA:15,2
DA:17,1
DA:18,1
DA:19,1
DA:21,1
DA:22,2
DA:31,1
DA:35,3
DA:37,2
DA:38,1
DA:39,1
DA:40,1
DA:48,1
DA:54,1
DA:59,1
DA:60,0
DA:61,0
DA:62,1
DA:72,3
DA:74,1
DA:76,1
DA:77,3
DA:78,3
DA:79,4
DA:80,3
DA:84,3
DA:87,0
DA:88,0
DA:89,0
DA:90,0
LF:31
LH:25
end_of_record
SF:lib/dash_test/dash_page.dart
DA:11,0
DA:12,0
DA:13,0
DA:16,0
DA:18,0
DA:20,0
DA:21,0
DA:22,0
DA:23,0
DA:33,1
DA:38,1
DA:40,1
DA:41,1
DA:42,1
DA:46,1
DA:47,2
DA:48,1
DA:49,1
DA:50,1
DA:51,2
DA:52,2
DA:53,1
DA:54,1
DA:55,1
DA:57,1
DA:58,1
DA:61,1
DA:62,1
DA:63,2
DA:64,4
DA:65,1
DA:66,0
DA:69,1
DA:76,2
DA:89,1
DA:95,1
DA:97,1
DA:100,1
DA:101,1
DA:102,3
DA:107,1
DA:109,1
DA:111,1
DA:120,1
DA:125,1
DA:127,1
DA:129,1
DA:131,1
DA:132,2
DA:133,2
DA:134,1
DA:135,1
DA:136,1
DA:137,1
DA:141,1
DA:142,1
DA:143,2
DA:144,3
DA:145,1
DA:146,3
DA:147,1
DA:148,3
DA:152,1
DA:163,1
DA:168,1
DA:170,1
DA:173,1
DA:174,1
DA:176,1
DA:178,1
DA:179,1
DA:181,1
DA:183,1
DA:184,2
DA:185,2
DA:186,1
DA:187,1
DA:188,1
DA:189,1
DA:190,2
DA:191,2
DA:192,1
LF:82
LH:72
end_of_record
SF:lib/favorites_test/screens/favorites_page.dart
DA:7,3
DA:11,1
DA:13,1
DA:14,1
DA:15,1
DA:18,1
DA:19,2
DA:21,4
DA:28,1
DA:32,1
DA:33,3
DA:34,2
DA:42,1
DA:44,1
DA:46,1
DA:47,3
DA:48,0
DA:49,0
DA:51,1
DA:52,1
DA:53,4
DA:55,1
DA:56,2
DA:57,3
DA:59,1
DA:60,3
DA:62,1
DA:63,1
LF:28
LH:26
end_of_record
SF:lib/favorites_test/screens/favorites_home_page.dart
DA:7,1
DA:9,1
DA:11,1
DA:12,1
DA:14,1
DA:15,1
DA:16,0
DA:17,0
DA:19,0
DA:20,0
DA:29,1
DA:33,2
DA:42,1
DA:44,1
DA:46,1
DA:48,1
DA:50,1
DA:51,1
DA:52,4
DA:54,1
DA:55,2
DA:56,3
DA:58,1
DA:59,3
DA:60,3
DA:63,1
DA:64,3
DA:65,2
DA:66,2
DA:67,2
DA:68,1
DA:69,4
LF:32
LH:28
end_of_record
SF:lib/fox_second_bloc_learning/src/features/authentication/data/authentication_datasouce.dart
DA:29,1
DA:31,1
DA:37,1
DA:39,1
DA:40,1
DA:41,1
DA:44,2
DA:46,2
DA:47,1
DA:48,1
DA:52,0
DA:57,1
DA:60,1
DA:62,1
DA:63,1
DA:64,1
DA:67,2
DA:69,3
DA:74,1
DA:75,0
DA:76,0
DA:80,1
DA:84,1
DA:86,1
DA:88,3
DA:90,2
DA:92,2
DA:93,2
LF:28
LH:25
end_of_record
SF:lib/fox_second_bloc_learning/src/features/authentication/data/authentication_repository.dart
DA:20,3
DA:22,3
DA:24,6
DA:26,2
DA:27,4
DA:29,3
DA:30,6
LF:7
LH:7
end_of_record
SF:lib/fox_second_bloc_learning/src/features/authentication/models/user_entity.dart
DA:22,7
DA:24,1
DA:28,1
DA:37,1
DA:44,0
DA:48,0
DA:50,2
DA:51,1
DA:52,1
DA:53,1
DA:54,1
LF:11
LH:9
end_of_record
SF:lib/fox_second_bloc_learning/src/features/post/data/post_datasource.dart
DA:18,2
DA:19,2
DA:24,1
DA:27,1
DA:29,2
DA:30,1
DA:36,3
DA:37,1
DA:42,1
DA:49,1
DA:52,1
DA:54,2
DA:55,1
DA:56,1
DA:61,3
DA:62,1
DA:68,1
LF:17
LH:17
end_of_record
SF:lib/network/http_rest_client/http/rest_client_http.dart
DA:24,5
DA:27,0
DA:33,4
DA:43,4
DA:45,8
DA:50,1
DA:51,2
DA:56,4
DA:57,6
DA:63,0
DA:66,8
DA:68,4
DA:71,16
DA:73,4
DA:74,8
DA:75,4
DA:77,3
DA:79,1
DA:80,3
DA:84,1
DA:89,0
DA:92,1
DA:93,2
LF:23
LH:20
end_of_record
SF:lib/network/http_rest_client/http_exceptions/rest_client_exception.dart
DA:15,11
DA:26,3
DA:32,0
DA:33,0
DA:34,0
DA:35,0
DA:36,0
DA:65,1
DA:69,1
DA:71,0
DA:72,0
DA:73,0
DA:74,0
DA:75,0
DA:82,7
DA:88,1
DA:89,1
DA:90,1
DA:91,1
DA:97,0
DA:103,0
DA:104,0
DA:105,0
DA:106,0
DA:107,0
DA:113,0
DA:119,0
DA:120,0
DA:121,0
DA:122,0
DA:123,0
LF:31
LH:9
end_of_record
SF:lib/network/http_rest_client/rest_client_base.dart
DA:15,12
DA:32,2
DA:38,2
DA:45,2
DA:53,2
DA:62,0
DA:70,0
DA:79,0
DA:85,0
DA:92,0
DA:99,0
DA:108,4
DA:111,12
DA:114,8
DA:117,12
DA:122,5
DA:133,5
DA:134,5
DA:135,20
DA:141,11
DA:143,1
DA:151,15
DA:165,3
DA:168,6
DA:175,2
DA:176,2
DA:187,1
DA:191,2
DA:199,1
DA:200,1
DA:207,0
DA:208,0
DA:211,0
DA:212,0
DA:219,0
DA:223,5
DA:224,5
DA:227,10
DA:228,0
DA:229,0
DA:235,10
DA:244,6
DA:248,0
DA:252,0
DA:256,6
LF:45
LH:30
end_of_record
SF:lib/fox_second_bloc_learning/src/features/post/data/post_repository.dart
DA:13,2
DA:15,1
DA:16,2
DA:18,1
DA:19,2
LF:5
LH:5
end_of_record
SF:lib/network/http_rest_client/http/check_exception_io.dart
LF:0
LH:0
end_of_record
SF:lib/add_to_cart_test/core/models/product/product.dart
DA:16,0
LF:1
LH:0
end_of_record
SF:lib/add_to_cart_test/core/models/product/product.g.dart
DA:9,0
DA:10,0
DA:11,0
DA:12,0
DA:13,0
DA:14,0
DA:17,1
DA:18,1
DA:19,1
DA:20,1
DA:21,1
DA:22,1
LF:12
LH:6
end_of_record
SF:lib/add_to_cart_test/feature/home/data/source/home_datasource.dart
DA:16,1
DA:19,1
DA:27,1
DA:29,3
DA:31,1
DA:32,1
DA:38,0
LF:7
LH:6
end_of_record
SF:lib/add_to_cart_test/feature/home/data/home_repository_impl.dart
DA:8,1
DA:10,1
DA:11,2
LF:3
LH:3
end_of_record
SF:lib/fox_second_bloc_learning/src/features/authentication/bloc/authentication_bloc.dart
DA:14,2
DA:18,2
DA:19,1
DA:21,0
DA:22,1
DA:47,2
DA:51,4
DA:52,4
DA:53,2
DA:54,4
DA:56,2
DA:60,2
DA:65,4
DA:67,8
DA:69,4
DA:71,8
DA:74,4
DA:76,1
DA:79,3
DA:80,4
DA:87,1
DA:92,4
DA:94,2
DA:96,2
DA:99,1
DA:101,4
DA:105,4
DA:112,2
DA:117,8
DA:119,4
DA:121,4
DA:123,6
DA:126,4
DA:127,10
DA:129,2
DA:134,0
DA:135,0
LF:37
LH:34
end_of_record
SF:lib/fox_second_bloc_learning/src/features/authentication/widget/authentication_widget.dart
DA:10,3
DA:12,1
DA:13,1
DA:17,1
DA:19,1
DA:21,3
DA:24,1
DA:26,1
DA:27,1
DA:30,1
DA:31,1
DA:32,4
DA:33,1
DA:34,1
DA:37,1
DA:38,1
DA:39,1
DA:41,1
DA:43,1
DA:44,2
DA:57,1
DA:58,1
DA:59,1
DA:61,1
DA:62,1
DA:66,1
LF:26
LH:26
end_of_record
SF:lib/fox_second_bloc_learning/src/features/initialization/logic/composition_root.dart
DA:16,0
DA:17,0
DA:19,0
DA:26,0
DA:30,0
DA:32,0
DA:34,0
DA:36,0
DA:52,0
DA:54,0
DA:55,0
DA:57,0
DA:60,0
DA:67,1
DA:69,1
DA:70,1
DA:72,1
DA:81,1
LF:18
LH:5
end_of_record
SF:lib/fox_second_bloc_learning/src/features/authentication/bloc/authentication_states.dart
DA:9,0
DA:10,0
DA:11,0
DA:12,0
DA:26,0
DA:28,6
DA:30,5
LF:7
LH:2
end_of_record
SF:lib/fox_second_bloc_learning/src/features/post/widgets/post_page.dart
DA:14,2
DA:16,1
DA:17,1
DA:21,1
DA:23,1
DA:24,1
DA:26,1
DA:27,1
DA:28,0
DA:29,0
DA:30,0
DA:32,0
DA:33,0
DA:37,0
DA:41,1
DA:42,1
DA:43,0
DA:50,1
DA:51,0
DA:53,0
DA:62,1
DA:63,0
DA:64,0
DA:66,0
DA:67,0
DA:75,1
DA:76,1
DA:77,1
DA:78,1
DA:79,2
DA:80,0
DA:81,0
DA:82,0
LF:33
LH:17
end_of_record
SF:lib/fox_second_bloc_learning/src/features/initialization/model/fox_dependency_container.dart
DA:10,0
LF:1
LH:0
end_of_record
SF:lib/fox_second_bloc_learning/src/features/post/bloc/post_bloc.dart
DA:12,1
DA:16,1
DA:23,1
DA:27,0
DA:28,0
DA:29,0
DA:30,0
DA:31,0
DA:33,1
DA:39,0
DA:46,0
DA:56,0
DA:72,0
DA:88,0
DA:93,0
DA:95,0
DA:97,0
DA:101,0
DA:103,0
DA:105,0
DA:109,0
DA:111,0
DA:115,0
DA:117,0
LF:24
LH:4
end_of_record
SF:lib/fox_second_bloc_learning/src/features/post/bloc/post_state.dart
DA:10,2
DA:45,0
LF:2
LH:1
end_of_record
SF:lib/fox_second_bloc_learning/src/features/post/models/post.dart
DA:12,1
DA:17,1
DA:18,1
DA:20,1
DA:21,1
DA:22,1
DA:23,1
DA:24,1
DA:25,1
DA:26,1
LF:10
LH:10
end_of_record
SF:lib/fox_second_bloc_learning/src/features/post/bloc/post_event.dart
DA:102,0
DA:105,0
DA:110,0
DA:111,0
DA:116,0
DA:117,0
DA:122,0
DA:126,0
DA:127,0
LF:9
LH:0
end_of_record
SF:lib/fox_second_bloc_learning/src/features/post/widgets/post_creation_widget.dart
DA:9,2
DA:11,0
DA:12,0
DA:20,0
DA:22,0
DA:23,0
DA:24,0
DA:25,0
DA:28,0
DA:30,0
DA:31,0
DA:34,0
DA:35,0
DA:36,0
DA:37,0
DA:38,0
DA:39,0
DA:41,0
DA:43,0
DA:44,0
DA:45,0
DA:46,0
DA:47,0
DA:48,0
DA:52,0
DA:53,0
DA:56,0
DA:57,0
DA:71,0
DA:73,0
DA:74,0
DA:75,0
DA:76,0
DA:80,0
DA:81,0
DA:85,0
DA:86,0
LF:37
LH:1
end_of_record
SF:lib/fox_second_bloc_learning/src/features/post/widgets/post_widget.dart
DA:8,0
DA:13,0
DA:15,0
DA:16,0
DA:17,0
DA:19,0
DA:20,0
DA:21,0
LF:8
LH:0
end_of_record
SF:lib/todo_test/todo_model.dart
DA:7,4
LF:1
LH:1
end_of_record
SF:lib/todo_test/todo_page.dart
DA:6,1
DA:8,1
DA:9,1
DA:15,1
DA:17,2
DA:18,1
DA:21,1
DA:23,1
DA:24,1
DA:25,1
DA:28,1
DA:29,1
DA:30,1
DA:31,1
DA:32,1
DA:33,1
DA:35,1
DA:40,1
DA:42,1
DA:43,4
DA:44,4
DA:51,1
DA:52,1
DA:53,1
DA:55,2
DA:56,1
DA:57,2
DA:58,1
DA:59,1
DA:61,1
DA:62,3
DA:63,2
DA:70,3
DA:71,1
DA:72,3
DA:73,0
DA:74,0
LF:37
LH:35
end_of_record
SF:lib/todo_test/todo_provider.dart
DA:7,4
DA:10,2
DA:11,4
DA:12,2
DA:15,2
DA:16,2
DA:17,4
DA:18,2
DA:21,1
DA:22,6
DA:23,1
LF:11
LH:11
end_of_record
SF:lib/listview_scroll_test/listview_scroll_test.dart
DA:4,1
DA:6,0
DA:7,0
DA:13,0
DA:15,0
DA:16,0
DA:19,0
DA:21,0
DA:22,0
DA:24,0
DA:25,0
DA:26,0
DA:27,0
LF:13
LH:1
end_of_record
SF:lib/network/repository_test.dart
DA:13,1
DA:17,1
DA:21,2
DA:23,1
DA:25,1
DA:29,1
DA:30,1
DA:34,1
LF:8
LH:8
end_of_record
